2026-04-20 15:07:03,979 - INFO - Sessão iniciada com sucesso.
2026-04-20 15:07:19,953 - INFO - Acessou IA Preditiva.
2026-04-20 15:07:31,744 - INFO - Transação registrada: ID 1 - R$ 2300.0
2026-04-20 15:07:38,074 - INFO - Acessou Dashboard.
2026-04-20 15:07:45,983 - INFO - Orçamento mensal alterado para: R$ 2300.0
2026-04-20 15:07:55,195 - INFO - Sessão iniciada com sucesso.
2026-04-20 15:07:59,888 - INFO - Acessou IA Preditiva.
2026-04-20 15:08:05,032 - INFO - Acessou Dashboard.
2026-04-20 15:08:07,303 - WARNING - Tentativa de input inválido: ''
2026-04-20 15:08:07,888 - WARNING - Tentativa de input inválido: ''
2026-04-20 15:08:08,400 - WARNING - Tentativa de input inválido: ''
2026-04-20 15:08:08,920 - WARNING - Tentativa de input inválido: ''
2026-04-20 15:08:09,120 - WARNING - Tentativa de input inválido: ''
2026-04-20 15:08:09,315 - WARNING - Tentativa de input inválido: ''
2026-04-20 15:08:09,508 - WARNING - Tentativa de input inválido: ''
2026-04-20 15:08:09,681 - WARNING - Tentativa de input inválido: ''
2026-04-20 15:14:55,200 - INFO - Sessão iniciada com sucesso.
2026-04-20 15:15:03,630 - INFO - Acessou Dashboard.
2026-04-20 15:15:07,561 - INFO - Acessou Dashboard.
2026-04-20 15:15:09,104 - INFO - Acessou IA Preditiva.
2026-04-20 15:15:11,465 - WARNING - Tentativa de input inválido: ''
2026-04-20 15:15:11,987 - WARNING - Tentativa de input inválido: ''
2026-04-20 15:15:12,224 - WARNING - Tentativa de input inválido: ''
2026-04-20 15:15:12,443 - WARNING - Tentativa de input inválido: ''
2026-04-20 15:15:12,817 - WARNING - Tentativa de input inválido: ''
2026-04-20 15:15:13,485 - INFO - Orçamento mensal alterado para: R$ 12.0
2026-04-20 15:15:21,113 - INFO - Orçamento mensal alterado para: R$ 50000.0
2026-04-20 15:15:24,014 - INFO - Acessou IA Preditiva.
2026-04-20 18:16:09,003 - INFO - Sessão iniciada com sucesso.
2026-04-20 18:16:39,139 - INFO - Orçamento mensal alterado para: R$ 2300.0
2026-04-20 18:16:57,425 - INFO - Transação registrada: ID 1 - R$ 1250.0
2026-04-20 18:17:03,841 - INFO - Orçamento mensal alterado para: R$ 2300.0
2026-04-20 18:17:10,229 - INFO - Acessou IA Preditiva.
